Detecting C compiler ABI info failed to compile with the following output:
Change Dir: /home/smolbrain/sda/projects/webots/controllers/build/CMakeFiles/CMakeTmp

Run Build Command(s):/usr/bin/gmake -f Makefile cmTC_cb7e9/fast && /usr/bin/gmake  -f CMakeFiles/cmTC_cb7e9.dir/build.make CMakeFiles/cmTC_cb7e9.dir/build
gmake[1]: Entering directory '/home/smolbrain/sda/projects/webots/controllers/build/CMakeFiles/CMakeTmp'
Building C object CMakeFiles/cmTC_cb7e9.dir/CMakeCCompilerABI.c.o
/usr/bin/x86_64-w64-mingw32-gcc   -v -o CMakeFiles/cmTC_cb7e9.dir/CMakeCCompilerABI.c.o -c /usr/share/cmake-3.22/Modules/CMakeCCompilerABI.c
Using built-in specs.
COLLECT_GCC=/usr/bin/x86_64-w64-mingw32-gcc
Target: x86_64-w64-mingw32
Configured with: ../../src/configure --build=x86_64-linux-gnu --prefix=/usr --includedir='/usr/include' --mandir='/usr/share/man' --infodir='/usr/share/info' --sysconfdir=/etc --localstatedir=/var --disable-option-checking --disable-silent-rules --libdir='/usr/lib/x86_64-linux-gnu' --libexecdir='/usr/lib/x86_64-linux-gnu' --disable-maintainer-mode --disable-dependency-tracking --prefix=/usr --enable-shared --enable-static --disable-multilib --with-system-zlib --libexecdir=/usr/lib --without-included-gettext --libdir=/usr/lib --enable-libstdcxx-time=yes --with-tune=generic --with-headers --enable-version-specific-runtime-libs --enable-fully-dynamic-string --enable-libgomp --enable-languages=c,c++,fortran,objc,obj-c++,ada --enable-lto --enable-threads=win32 --program-suffix=-win32 --program-prefix=x86_64-w64-mingw32- --target=x86_64-w64-mingw32 --with-as=/usr/bin/x86_64-w64-mingw32-as --with-ld=/usr/bin/x86_64-w64-mingw32-ld --enable-libatomic --enable-libstdcxx-filesystem-ts=yes --enable-dependency-tracking SED=/bin/sed
Thread model: win32
Supported LTO compression algorithms: zlib
gcc version 10-win32 20220113 (GCC) 
COLLECT_GCC_OPTIONS='-v' '-o' 'CMakeFiles/cmTC_cb7e9.dir/CMakeCCompilerABI.c.o' '-c' '-mtune=generic' '-march=x86-64'
 /usr/lib/gcc/x86_64-w64-mingw32/10-win32/cc1 -quiet -v -U_REENTRANT /usr/share/cmake-3.22/Modules/CMakeCCompilerABI.c -quiet -dumpbase CMakeCCompilerABI.c -mtune=generic -march=x86-64 -auxbase-strip CMakeFiles/cmTC_cb7e9.dir/CMakeCCompilerABI.c.o -version -o /tmp/ccW5KRzm.s
GNU C17 (GCC) version 10-win32 20220113 (x86_64-w64-mingw32)
	compiled by GNU C version 10.3.0, GMP version 6.2.1, MPFR version 4.1.0, MPC version 1.2.1, isl version isl-0.24-GMP

GGC heuristics: --param ggc-min-expand=100 --param ggc-min-heapsize=131072
ignoring nonexistent directory "/usr/lib/gcc/x86_64-w64-mingw32/10-win32/../../../../x86_64-w64-mingw32/sys-include"
#include "..." search starts here:
#include <...> search starts here:
 /usr/lib/gcc/x86_64-w64-mingw32/10-win32/include
 /usr/lib/gcc/x86_64-w64-mingw32/10-win32/include-fixed
 /usr/lib/gcc/x86_64-w64-mingw32/10-win32/../../../../x86_64-w64-mingw32/include
End of search list.
GNU C17 (GCC) version 10-win32 20220113 (x86_64-w64-mingw32)
	compiled by GNU C version 10.3.0, GMP version 6.2.1, MPFR version 4.1.0, MPC version 1.2.1, isl version isl-0.24-GMP

GGC heuristics: --param ggc-min-expand=100 --param ggc-min-heapsize=131072
Compiler executable checksum: 540c311885c0710cac74cf12fb1ae6c1
COLLECT_GCC_OPTIONS='-v' '-o' 'CMakeFiles/cmTC_cb7e9.dir/CMakeCCompilerABI.c.o' '-c' '-mtune=generic' '-march=x86-64'
 /usr/bin/x86_64-w64-mingw32-as -v -o CMakeFiles/cmTC_cb7e9.dir/CMakeCCompilerABI.c.o /tmp/ccW5KRzm.s
GNU assembler version 2.38 (x86_64-w64-mingw32) using BFD version (GNU Binutils) 2.38
COMPILER_PATH=/usr/lib/gcc/x86_64-w64-mingw32/10-win32/:/usr/lib/gcc/x86_64-w64-mingw32/10-win32/:/usr/lib/gcc/x86_64-w64-mingw32/:/usr/lib/gcc/x86_64-w64-mingw32/10-win32/:/usr/lib/gcc/x86_64-w64-mingw32/:/usr/lib/gcc/x86_64-w64-mingw32/10-win32/../../../../x86_64-w64-mingw32/bin/
LIBRARY_PATH=/usr/lib/gcc/x86_64-w64-mingw32/10-win32/:/usr/lib/gcc/x86_64-w64-mingw32/10-win32/../../../../x86_64-w64-mingw32/lib/
COLLECT_GCC_OPTIONS='-v' '-o' 'CMakeFiles/cmTC_cb7e9.dir/CMakeCCompilerABI.c.o' '-c' '-mtune=generic' '-march=x86-64'
Linking C executable cmTC_cb7e9
/usr/bin/cmake -E cmake_link_script CMakeFiles/cmTC_cb7e9.dir/link.txt --verbose=1
/usr/bin/x86_64-w64-mingw32-gcc  -v -rdynamic CMakeFiles/cmTC_cb7e9.dir/CMakeCCompilerABI.c.o -o cmTC_cb7e9 
Using built-in specs.
COLLECT_GCC=/usr/bin/x86_64-w64-mingw32-gcc
COLLECT_LTO_WRAPPER=/usr/lib/gcc/x86_64-w64-mingw32/10-win32/lto-wrapper
x86_64-w64-mingw32-gcc: error: unrecognized command-line option '-rdynamic'
Target: x86_64-w64-mingw32
Configured with: ../../src/configure --build=x86_64-linux-gnu --prefix=/usr --includedir='/usr/include' --mandir='/usr/share/man' --infodir='/usr/share/info' --sysconfdir=/etc --localstatedir=/var --disable-option-checking --disable-silent-rules --libdir='/usr/lib/x86_64-linux-gnu' --libexecdir='/usr/lib/x86_64-linux-gnu' --disable-maintainer-mode --disable-dependency-tracking --prefix=/usr --enable-shared --enable-static --disable-multilib --with-system-zlib --libexecdir=/usr/lib --without-included-gettext --libdir=/usr/lib --enable-libstdcxx-time=yes --with-tune=generic --with-headers --enable-version-specific-runtime-libs --enable-fully-dynamic-string --enable-libgomp --enable-languages=c,c++,fortran,objc,obj-c++,ada --enable-lto --enable-threads=win32 --program-suffix=-win32 --program-prefix=x86_64-w64-mingw32- --target=x86_64-w64-mingw32 --with-as=/usr/bin/x86_64-w64-mingw32-as --with-ld=/usr/bin/x86_64-w64-mingw32-ld --enable-libatomic --enable-libstdcxx-filesystem-ts=yes --enable-dependency-tracking SED=/bin/sed
Thread model: win32
Supported LTO compression algorithms: zlib
gcc version 10-win32 20220113 (GCC) 
gmake[1]: *** [CMakeFiles/cmTC_cb7e9.dir/build.make:99: cmTC_cb7e9] Error 1
gmake[1]: Leaving directory '/home/smolbrain/sda/projects/webots/controllers/build/CMakeFiles/CMakeTmp'
gmake: *** [Makefile:127: cmTC_cb7e9/fast] Error 2




Determining if the C compiler works failed with the following output:
Change Dir: /home/smolbrain/sda/projects/webots/controllers/build/CMakeFiles/CMakeTmp

Run Build Command(s):/usr/bin/gmake -f Makefile cmTC_af608/fast && /usr/bin/gmake  -f CMakeFiles/cmTC_af608.dir/build.make CMakeFiles/cmTC_af608.dir/build
gmake[1]: Entering directory '/home/smolbrain/sda/projects/webots/controllers/build/CMakeFiles/CMakeTmp'
Building C object CMakeFiles/cmTC_af608.dir/testCCompiler.c.o
/usr/bin/x86_64-w64-mingw32-gcc    -o CMakeFiles/cmTC_af608.dir/testCCompiler.c.o -c /home/smolbrain/sda/projects/webots/controllers/build/CMakeFiles/CMakeTmp/testCCompiler.c
Linking C executable cmTC_af608
/usr/bin/cmake -E cmake_link_script CMakeFiles/cmTC_af608.dir/link.txt --verbose=1
/usr/bin/x86_64-w64-mingw32-gcc -rdynamic CMakeFiles/cmTC_af608.dir/testCCompiler.c.o -o cmTC_af608 
x86_64-w64-mingw32-gcc: error: unrecognized command-line option ‘-rdynamic’
gmake[1]: *** [CMakeFiles/cmTC_af608.dir/build.make:99: cmTC_af608] Error 1
gmake[1]: Leaving directory '/home/smolbrain/sda/projects/webots/controllers/build/CMakeFiles/CMakeTmp'
gmake: *** [Makefile:127: cmTC_af608/fast] Error 2



Detecting C compiler ABI info failed to compile with the following output:
Change Dir: /home/smolbrain/sda/projects/webots/controllers/build/CMakeFiles/CMakeTmp

Run Build Command(s):/usr/bin/gmake -f Makefile cmTC_2226d/fast && /usr/bin/gmake  -f CMakeFiles/cmTC_2226d.dir/build.make CMakeFiles/cmTC_2226d.dir/build
gmake[1]: Entering directory '/home/smolbrain/sda/projects/webots/controllers/build/CMakeFiles/CMakeTmp'
Building C object CMakeFiles/cmTC_2226d.dir/CMakeCCompilerABI.c.o
/usr/bin/x86_64-w64-mingw32-gcc   -v -o CMakeFiles/cmTC_2226d.dir/CMakeCCompilerABI.c.o -c /usr/share/cmake-3.22/Modules/CMakeCCompilerABI.c
Using built-in specs.
COLLECT_GCC=/usr/bin/x86_64-w64-mingw32-gcc
Target: x86_64-w64-mingw32
Configured with: ../../src/configure --build=x86_64-linux-gnu --prefix=/usr --includedir='/usr/include' --mandir='/usr/share/man' --infodir='/usr/share/info' --sysconfdir=/etc --localstatedir=/var --disable-option-checking --disable-silent-rules --libdir='/usr/lib/x86_64-linux-gnu' --libexecdir='/usr/lib/x86_64-linux-gnu' --disable-maintainer-mode --disable-dependency-tracking --prefix=/usr --enable-shared --enable-static --disable-multilib --with-system-zlib --libexecdir=/usr/lib --without-included-gettext --libdir=/usr/lib --enable-libstdcxx-time=yes --with-tune=generic --with-headers --enable-version-specific-runtime-libs --enable-fully-dynamic-string --enable-libgomp --enable-languages=c,c++,fortran,objc,obj-c++,ada --enable-lto --enable-threads=win32 --program-suffix=-win32 --program-prefix=x86_64-w64-mingw32- --target=x86_64-w64-mingw32 --with-as=/usr/bin/x86_64-w64-mingw32-as --with-ld=/usr/bin/x86_64-w64-mingw32-ld --enable-libatomic --enable-libstdcxx-filesystem-ts=yes --enable-dependency-tracking SED=/bin/sed
Thread model: win32
Supported LTO compression algorithms: zlib
gcc version 10-win32 20220113 (GCC) 
COLLECT_GCC_OPTIONS='-v' '-o' 'CMakeFiles/cmTC_2226d.dir/CMakeCCompilerABI.c.o' '-c' '-mtune=generic' '-march=x86-64'
 /usr/lib/gcc/x86_64-w64-mingw32/10-win32/cc1 -quiet -v -U_REENTRANT /usr/share/cmake-3.22/Modules/CMakeCCompilerABI.c -quiet -dumpbase CMakeCCompilerABI.c -mtune=generic -march=x86-64 -auxbase-strip CMakeFiles/cmTC_2226d.dir/CMakeCCompilerABI.c.o -version -o /tmp/ccu3amf0.s
GNU C17 (GCC) version 10-win32 20220113 (x86_64-w64-mingw32)
	compiled by GNU C version 10.3.0, GMP version 6.2.1, MPFR version 4.1.0, MPC version 1.2.1, isl version isl-0.24-GMP

GGC heuristics: --param ggc-min-expand=100 --param ggc-min-heapsize=131072
ignoring nonexistent directory "/usr/lib/gcc/x86_64-w64-mingw32/10-win32/../../../../x86_64-w64-mingw32/sys-include"
#include "..." search starts here:
#include <...> search starts here:
 /usr/lib/gcc/x86_64-w64-mingw32/10-win32/include
 /usr/lib/gcc/x86_64-w64-mingw32/10-win32/include-fixed
 /usr/lib/gcc/x86_64-w64-mingw32/10-win32/../../../../x86_64-w64-mingw32/include
End of search list.
GNU C17 (GCC) version 10-win32 20220113 (x86_64-w64-mingw32)
	compiled by GNU C version 10.3.0, GMP version 6.2.1, MPFR version 4.1.0, MPC version 1.2.1, isl version isl-0.24-GMP

GGC heuristics: --param ggc-min-expand=100 --param ggc-min-heapsize=131072
Compiler executable checksum: 540c311885c0710cac74cf12fb1ae6c1
COLLECT_GCC_OPTIONS='-v' '-o' 'CMakeFiles/cmTC_2226d.dir/CMakeCCompilerABI.c.o' '-c' '-mtune=generic' '-march=x86-64'
 /usr/bin/x86_64-w64-mingw32-as -v -o CMakeFiles/cmTC_2226d.dir/CMakeCCompilerABI.c.o /tmp/ccu3amf0.s
GNU assembler version 2.38 (x86_64-w64-mingw32) using BFD version (GNU Binutils) 2.38
COMPILER_PATH=/usr/lib/gcc/x86_64-w64-mingw32/10-win32/:/usr/lib/gcc/x86_64-w64-mingw32/10-win32/:/usr/lib/gcc/x86_64-w64-mingw32/:/usr/lib/gcc/x86_64-w64-mingw32/10-win32/:/usr/lib/gcc/x86_64-w64-mingw32/:/usr/lib/gcc/x86_64-w64-mingw32/10-win32/../../../../x86_64-w64-mingw32/bin/
LIBRARY_PATH=/usr/lib/gcc/x86_64-w64-mingw32/10-win32/:/usr/lib/gcc/x86_64-w64-mingw32/10-win32/../../../../x86_64-w64-mingw32/lib/
COLLECT_GCC_OPTIONS='-v' '-o' 'CMakeFiles/cmTC_2226d.dir/CMakeCCompilerABI.c.o' '-c' '-mtune=generic' '-march=x86-64'
Linking C executable cmTC_2226d
/usr/bin/cmake -E cmake_link_script CMakeFiles/cmTC_2226d.dir/link.txt --verbose=1
/usr/bin/x86_64-w64-mingw32-gcc  -v -rdynamic CMakeFiles/cmTC_2226d.dir/CMakeCCompilerABI.c.o -o cmTC_2226d 
Using built-in specs.
COLLECT_GCC=/usr/bin/x86_64-w64-mingw32-gcc
COLLECT_LTO_WRAPPER=/usr/lib/gcc/x86_64-w64-mingw32/10-win32/lto-wrapper
x86_64-w64-mingw32-gcc: error: unrecognized command-line option '-rdynamic'
Target: x86_64-w64-mingw32
Configured with: ../../src/configure --build=x86_64-linux-gnu --prefix=/usr --includedir='/usr/include' --mandir='/usr/share/man' --infodir='/usr/share/info' --sysconfdir=/etc --localstatedir=/var --disable-option-checking --disable-silent-rules --libdir='/usr/lib/x86_64-linux-gnu' --libexecdir='/usr/lib/x86_64-linux-gnu' --disable-maintainer-mode --disable-dependency-tracking --prefix=/usr --enable-shared --enable-static --disable-multilib --with-system-zlib --libexecdir=/usr/lib --without-included-gettext --libdir=/usr/lib --enable-libstdcxx-time=yes --with-tune=generic --with-headers --enable-version-specific-runtime-libs --enable-fully-dynamic-string --enable-libgomp --enable-languages=c,c++,fortran,objc,obj-c++,ada --enable-lto --enable-threads=win32 --program-suffix=-win32 --program-prefix=x86_64-w64-mingw32- --target=x86_64-w64-mingw32 --with-as=/usr/bin/x86_64-w64-mingw32-as --with-ld=/usr/bin/x86_64-w64-mingw32-ld --enable-libatomic --enable-libstdcxx-filesystem-ts=yes --enable-dependency-tracking SED=/bin/sed
Thread model: win32
Supported LTO compression algorithms: zlib
gcc version 10-win32 20220113 (GCC) 
gmake[1]: *** [CMakeFiles/cmTC_2226d.dir/build.make:99: cmTC_2226d] Error 1
gmake[1]: Leaving directory '/home/smolbrain/sda/projects/webots/controllers/build/CMakeFiles/CMakeTmp'
gmake: *** [Makefile:127: cmTC_2226d/fast] Error 2




Determining if the C compiler works failed with the following output:
Change Dir: /home/smolbrain/sda/projects/webots/controllers/build/CMakeFiles/CMakeTmp

Run Build Command(s):/usr/bin/gmake -f Makefile cmTC_c1278/fast && /usr/bin/gmake  -f CMakeFiles/cmTC_c1278.dir/build.make CMakeFiles/cmTC_c1278.dir/build
gmake[1]: Entering directory '/home/smolbrain/sda/projects/webots/controllers/build/CMakeFiles/CMakeTmp'
Building C object CMakeFiles/cmTC_c1278.dir/testCCompiler.c.o
/usr/bin/x86_64-w64-mingw32-gcc    -o CMakeFiles/cmTC_c1278.dir/testCCompiler.c.o -c /home/smolbrain/sda/projects/webots/controllers/build/CMakeFiles/CMakeTmp/testCCompiler.c
Linking C executable cmTC_c1278
/usr/bin/cmake -E cmake_link_script CMakeFiles/cmTC_c1278.dir/link.txt --verbose=1
/usr/bin/x86_64-w64-mingw32-gcc -rdynamic CMakeFiles/cmTC_c1278.dir/testCCompiler.c.o -o cmTC_c1278 
x86_64-w64-mingw32-gcc: error: unrecognized command-line option ‘-rdynamic’
gmake[1]: *** [CMakeFiles/cmTC_c1278.dir/build.make:99: cmTC_c1278] Error 1
gmake[1]: Leaving directory '/home/smolbrain/sda/projects/webots/controllers/build/CMakeFiles/CMakeTmp'
gmake: *** [Makefile:127: cmTC_c1278/fast] Error 2



